2008 313  0  67.1
2008 340  0  67.0
2009   1  0  67.6
2009  28  0  68.0
2009  55  0  68.2
2009  82  0  70.0
2009 109  0  71.4
2009 136  0  72.2
2009 163  0  70.4
2009 190  0  69.9
2009 217  0  69.0
2009 244  0  71.0
2009 271  0  70.6
2009 298  0  73.2
2009 325  0  72.5
2009 352  0  77.3
2010  14  0  79.1
2010  41  0  82.0
2010  68  0  83.4
2010  95  0  76.3
2010 122  0  75.3
2010 149  0  74.5
2010 176  0  79.3
2010 203  0  86.2
2010 230  0  77.7
2010 257  0  81.9
2010 284  0  82.1
2010 311  0  81.3
2010 338  0  81.1
2010 365  0  81.4
2011  27  0  90.6
2011  54  0 110.1
2011  81  0 112.5
2011 108  0 108.0
2011 135  0  97.3
2011 162  0  94.7
2011 189  0 102.7
2011 216  0 101.7
2011 243  0 134.8
2011 270  0 137.8
2011 297  0 150.6
2011 324  0 137.7
2011 351  0 131.9
2012  13  0 122.2
2012  40  0 106.7
2012  67  0 112.5
2012  94  0 114.5
2012 121  0 125.8
2012 148  0 128.2
2012 175  0 141.3
2012 202  0 123.8
2012 229  0 117.8
2012 256  0 116.8
2012 283  0 122.2
2012 310  0 121.1
2012 337  0 105.3
2012 364  0 128.1
2013  25  0 100.9
2013  52  0 111.3
2013  79  0 117.9
2013 106  0 129.2
2013 133  0 124.7
2013 160  0 117.1
2013 187  0 117.3
2013 214  0 119.4
2013 241  0 103.5
2013 268  0 118.0
2013 295  0 154.4
2013 322  0 141.6
2013 349  0 157.2
2014  11  0 147.8
2014  38  0 160.6
2014  65  0 147.1
2014  92  0 146.5
2014 119  0 138.3
2014 146  0 126.8
2014 173  0 143.0
2014 200  0 124.8
2014 227  0 136.0
2014 254  0 144.5
2014 281  0 155.1
